
> aiapi-services-platform@1.0.0 dev
> vite


  VITE v5.4.19  ready in 277 ms

  ➜  Local:   http://localhost:5173/
  ➜  Network: http://192.168.1.135:5173/
  ➜  Network: http://192.168.64.1:5173/
13:45:24 [vite] hmr update /src/index.css, /src/App.jsx
13:45:36 [vite] hmr update /src/index.css, /src/App.jsx
13:48:49 [vite] hmr update /src/index.css, /src/App.jsx
13:49:01 [vite] hmr update /src/index.css, /src/App.jsx
13:49:16 [vite] hmr update /src/index.css, /src/App.jsx
13:49:47 [vite] hmr update /src/index.css, /src/App.jsx
14:05:13 [vite] http proxy error: /api/status
AggregateError [ECONNREFUSED]: 
    at internalConnectMultiple (node:net:1117:18)
    at afterConnectMultiple (node:net:1684:7)
14:05:14 [vite] http proxy error: /api/notice
AggregateError [ECONNREFUSED]: 
    at internalConnectMultiple (node:net:1117:18)
    at afterConnectMultiple (node:net:1684:7)
14:05:14 [vite] http proxy error: /api/home_page_content
AggregateError [ECONNREFUSED]: 
    at internalConnectMultiple (node:net:1117:18)
    at afterConnectMultiple (node:net:1684:7)
14:17:54 [vite] hmr update /src/index.css, /src/App.jsx
14:18:07 [vite] hmr update /src/index.css, /src/App.jsx
14:18:17 [vite] hmr update /src/index.css, /src/App.jsx
14:18:32 [vite] hmr update /src/index.css, /src/App.jsx
14:18:43 [vite] hmr update /src/index.css, /src/App.jsx
14:22:05 [vite] hmr update /src/index.css, /src/App.jsx
14:22:28 [vite] hmr update /src/index.css, /src/App.jsx
14:22:48 [vite] hmr update /src/index.css, /src/App.jsx
14:23:09 [vite] hmr update /src/index.css, /src/App.jsx
14:29:20 [vite] hmr update /src/index.css, /src/App.jsx
14:29:26 [vite] hmr update /src/index.css, /src/App.jsx
14:29:32 [vite] hmr update /src/index.css, /src/App.jsx
14:29:38 [vite] hmr update /src/index.css, /src/App.jsx
14:29:48 [vite] hmr update /src/index.css, /src/App.jsx
14:31:53 [vite] hmr update /src/index.css, /src/App.jsx
14:37:40 [vite] hmr update /src/index.css, /src/App.jsx
14:37:58 [vite] hmr update /src/index.css, /src/App.jsx
14:38:03 [vite] hmr update /src/index.css, /src/App.jsx
14:42:04 [vite] hmr update /src/index.css, /src/App.jsx
14:42:10 [vite] hmr update /src/index.css, /src/App.jsx
14:46:04 [vite] hmr update /src/index.css, /src/App.jsx
14:46:34 [vite] hmr update /src/index.css, /src/App.jsx
14:47:29 [vite] hmr update /src/index.css, /src/App.jsx
14:48:08 [vite] hmr update /src/index.css, /src/App.jsx
14:48:44 [vite] hmr update /src/index.css, /src/App.jsx
14:55:28 [vite] hmr update /src/index.css, /src/App.jsx
14:55:37 [vite] hmr update /src/index.css, /src/App.jsx
14:55:43 [vite] hmr update /src/index.css, /src/App.jsx
15:04:45 [vite] hmr update /src/index.css, /src/App.jsx
15:04:53 [vite] hmr update /src/index.css, /src/App.jsx
15:09:54 [vite] hmr update /src/index.css, /src/App.jsx
15:17:52 [vite] hmr update /src/index.css, /src/App.jsx
15:18:01 [vite] hmr update /src/index.css, /src/App.jsx
15:23:37 [vite] hmr update /src/index.css, /src/App.jsx
15:24:06 [vite] hmr update /src/index.css, /src/App.jsx
15:24:13 [vite] hmr update /src/index.css, /src/App.jsx
